<?xml version="1.0" encoding="UTF-8"?>
<!-- Generated by org.testng.reporters.JUnitReportReporter -->
<testsuite hostname="LAPTOP-BKF1645O" failures="0" tests="4" name="com.inetbanking_hybridframework.testcases.LoginDataDrivenTestCases" time="37.841" errors="0" timestamp="2024-09-05T10:19:33 IST" skipped="0">
  <testcase classname="com.inetbanking_hybridframework.testcases.LoginDataDrivenTestCases" name="validateLoginFunctionalityWithValidnAndInvalidDataSet" time="2.111"/>
  <testcase classname="com.inetbanking_hybridframework.testcases.LoginDataDrivenTestCases" name="validateLoginFunctionalityWithValidnAndInvalidDataSet" time="12.215"/>
  <testcase classname="com.inetbanking_hybridframework.testcases.LoginDataDrivenTestCases" name="validateLoginFunctionalityWithValidnAndInvalidDataSet" time="11.684"/>
  <testcase classname="com.inetbanking_hybridframework.testcases.LoginDataDrivenTestCases" name="validateLoginFunctionalityWithValidnAndInvalidDataSet" time="11.831"/>
</testsuite> <!-- com.inetbanking_hybridframework.testcases.LoginDataDrivenTestCases -->
