<?xml version="1.0" encoding="UTF-8"?>
<!-- Generated by org.testng.reporters.JUnitReportReporter -->
<testsuite hostname="LAPTOP-BKF1645O" failures="0" tests="2" name="com.inetbanking_hybridframework.testcases.ManagerPageTestCases" time="0.519" errors="0" timestamp="2024-09-07T10:40:33 IST" skipped="0">
  <testcase classname="com.inetbanking_hybridframework.testcases.ManagerPageTestCases" name="validateManagerLoginWelcomeMessage" time="0.461"/>
  <testcase classname="com.inetbanking_hybridframework.testcases.ManagerPageTestCases" name="validateManagerLoggedInID" time="0.058"/>
</testsuite> <!-- com.inetbanking_hybridframework.testcases.ManagerPageTestCases -->
