<?xml version="1.0" encoding="UTF-8"?>
<!-- Generated by org.testng.reporters.JUnitReportReporter -->
<testsuite hostname="LAPTOP-BKF1645O" failures="0" tests="4" name="com.inetbanking_hybridframework.testcases.LoginDataDrivenTestCases" time="31.795" errors="0" timestamp="2024-09-14T11:43:46 IST" skipped="0">
  <testcase classname="com.inetbanking_hybridframework.testcases.LoginDataDrivenTestCases" name="validateLoginFunctionalityWithValidnAndInvalidDataSet" time="10.053"/>
  <testcase classname="com.inetbanking_hybridframework.testcases.LoginDataDrivenTestCases" name="validateLoginFunctionalityWithValidnAndInvalidDataSet" time="0.822"/>
  <testcase classname="com.inetbanking_hybridframework.testcases.LoginDataDrivenTestCases" name="validateLoginFunctionalityWithValidnAndInvalidDataSet" time="10.839"/>
  <testcase classname="com.inetbanking_hybridframework.testcases.LoginDataDrivenTestCases" name="validateLoginFunctionalityWithValidnAndInvalidDataSet" time="10.081"/>
</testsuite> <!-- com.inetbanking_hybridframework.testcases.LoginDataDrivenTestCases -->
