<?xml version="1.0" encoding="UTF-8"?>
<!-- Generated by org.testng.reporters.JUnitReportReporter -->
<testsuite hostname="LAPTOP-BKF1645O" failures="0" tests="4" name="com.inetbanking_hybridframework.testcases.LoginDataDrivenTestCases" time="32.273" errors="0" timestamp="2024-09-12T10:28:06 IST" skipped="0">
  <testcase classname="com.inetbanking_hybridframework.testcases.LoginDataDrivenTestCases" name="validateLoginFunctionalityWithValidnAndInvalidDataSet" time="10.041"/>
  <testcase classname="com.inetbanking_hybridframework.testcases.LoginDataDrivenTestCases" name="validateLoginFunctionalityWithValidnAndInvalidDataSet" time="1.287"/>
  <testcase classname="com.inetbanking_hybridframework.testcases.LoginDataDrivenTestCases" name="validateLoginFunctionalityWithValidnAndInvalidDataSet" time="10.128"/>
  <testcase classname="com.inetbanking_hybridframework.testcases.LoginDataDrivenTestCases" name="validateLoginFunctionalityWithValidnAndInvalidDataSet" time="10.817"/>
</testsuite> <!-- com.inetbanking_hybridframework.testcases.LoginDataDrivenTestCases -->
