<?xml version="1.0" encoding="UTF-8"?>
<!-- Generated by org.testng.reporters.JUnitReportReporter -->
<testsuite hostname="LAPTOP-BKF1645O" failures="0" tests="1" name="com.inetbanking_hybridframework.testcases.HomePageTestCases" time="1.449" errors="0" timestamp="2024-09-14T12:34:51 IST" skipped="0">
  <testcase classname="com.inetbanking_hybridframework.testcases.HomePageTestCases" name="logoutFunctionality" time="1.449"/>
</testsuite> <!-- com.inetbanking_hybridframework.testcases.HomePageTestCases -->
